[    0.000000] Linux version 4.15.0-166-generic (buildd@lgw01-amd64-012) (gcc version 7.5.0 (Ubuntu 7.5.0-3ubuntu1~18.04)) #174-Ubuntu SMP Wed Dec 8 19:07:44 UTC 2021 (Ubuntu 4.15.0-166.174-generic 4.15.18)
[    0.000000] Command line: BOOT_IMAGE=/boot/vmlinuz-4.15.0-166-generic root=LABEL=cloudimg-rootfs ro console=tty1 console=ttyS0
[    0.000000] KERNEL supported cpus:
[    0.000000]   Intel GenuineIntel
[    0.000000]   AMD AuthenticAMD
[    0.000000]   Centaur CentaurHauls
[    0.000000] x86/fpu: Supporting XSAVE feature 0x001: 'x87 floating point registers'
[    0.000000] x86/fpu: Supporting XSAVE feature 0x002: 'SSE registers'
[    0.000000] x86/fpu: Supporting XSAVE feature 0x004: 'AVX registers'
[    0.000000] x86/fpu: xstate_offset[2]:  576, xstate_sizes[2]:  256
[    0.000000] x86/fpu: Enabled xstate features 0x7, context size is 832 bytes, using 'standard' format.
[    0.000000] e820: BIOS-provided physical RAM map:
[    0.000000] BIOS-e820: [mem 0x0000000000000000-0x000000000009fbff] usable
[    0.000000] BIOS-e820: [mem 0x000000000009fc00-0x000000000009ffff] reserved
[    0.000000] BIOS-e820: [mem 0x00000000000f0000-0x00000000000fffff] reserved
[    0.000000] BIOS-e820: [mem 0x0000000000100000-0x000000003ffeffff] usable
[    0.000000] BIOS-e820: [mem 0x000000003fff0000-0x000000003fffffff] ACPI data
[    0.000000] BIOS-e820: [mem 0x00000000fec00000-0x00000000fec00fff] reserved
[    0.000000] BIOS-e820: [mem 0x00000000fee00000-0x00000000fee00fff] reserved
[    0.000000] BIOS-e820: [mem 0x00000000fffc0000-0x00000000ffffffff] reserved
[    0.000000] NX (Execute Disable) protection: active
[    0.000000] SMBIOS 2.5 present.
[    0.000000] DMI: innotek GmbH VirtualBox/VirtualBox, BIOS VirtualBox 12/01/2006
[    0.000000] Hypervisor detected: KVM
[    0.000000] e820: last_pfn = 0x3fff0 max_arch_pfn = 0x400000000
[    0.000000] MTRR: Disabled
[    0.000000] x86/PAT: MTRRs disabled, skipping PAT initialization too.
[    0.000000] CPU MTRRs all blank - virtualized system.
[    0.000000] x86/PAT: Configuration [0-7]: WB  WT  UC- UC  WB  WT  UC- UC  
[    0.000000] found SMP MP-table at [mem 0x0009fff0-0x0009ffff]
[    0.000000] Scanning 1 areas for low memory corruption
[    0.000000] RAMDISK: [mem 0x359c7000-0x36cdafff]
[    0.000000] ACPI: Early table checksum verification disabled
[    0.000000] ACPI: RSDP 0x00000000000E0000 000024 (v02 VBOX  )
[    0.000000] ACPI: XSDT 0x000000003FFF0030 00003C (v01 VBOX   VBOXXSDT 00000001 ASL  00000061)
[    0.000000] ACPI: FACP 0x000000003FFF00F0 0000F4 (v04 VBOX   VBOXFACP 00000001 ASL  00000061)
[    0.000000] ACPI: DSDT 0x000000003FFF0470 002325 (v02 VBOX   VBOXBIOS 00000002 INTL 20100528)
[    0.000000] ACPI: FACS 0x000000003FFF0200 000040
[    0.000000] ACPI: FACS 0x000000003FFF0200 000040
[    0.000000] ACPI: APIC 0x000000003FFF0240 00005C (v02 VBOX   VBOXAPIC 00000001 ASL  00000061)
[    0.000000] ACPI: SSDT 0x000000003FFF02A0 0001CC (v01 VBOX   VBOXCPUT 00000002 INTL 20100528)
[    0.000000] ACPI: Reserving FACP table memory at [mem 0x3fff00f0-0x3fff01e3]
[    0.000000] ACPI: Reserving DSDT table memory at [mem 0x3fff0470-0x3fff2794]
[    0.000000] ACPI: Reserving FACS table memory at [mem 0x3fff0200-0x3fff023f]
[    0.000000] ACPI: Reserving FACS table memory at [mem 0x3fff0200-0x3fff023f]
[    0.000000] ACPI: Reserving APIC table memory at [mem 0x3fff0240-0x3fff029b]
[    0.000000] ACPI: Reserving SSDT table memory at [mem 0x3fff02a0-0x3fff046b]
[    0.000000] No NUMA configuration found
[    0.000000] Faking a node at [mem 0x0000000000000000-0x000000003ffeffff]
[    0.000000] NODE_DATA(0) allocated [mem 0x3ffc5000-0x3ffeffff]
[    0.000000] kvm-clock: cpu 0, msr 0:3ff44001, primary cpu clock
[    0.000000] kvm-clock: Using msrs 4b564d01 and 4b564d00
[    0.000000] kvm-clock: using sched offset of 5453450794 cycles
[    0.000000] clocksource: kvm-clock: mask: 0xffffffffffffffff max_cycles: 0x1cd42e4dffb, max_idle_ns: 881590591483 ns
[    0.000000] Zone ranges:
[    0.000000]   DMA      [mem 0x0000000000001000-0x0000000000ffffff]
[    0.000000]   DMA32    [mem 0x0000000001000000-0x000000003ffeffff]
[    0.000000]   Normal   empty
[    0.000000]   Device   empty
[    0.000000] Movable zone start for each node
[    0.000000] Early memory node ranges
[    0.000000]   node   0: [mem 0x0000000000001000-0x000000000009efff]
[    0.000000]   node   0: [mem 0x0000000000100000-0x000000003ffeffff]
[    0.000000] Reserved but unavailable: 104 pages
[    0.000000] Initmem setup node 0 [mem 0x0000000000001000-0x000000003ffeffff]
[    0.000000] ACPI: PM-Timer IO Port: 0x4008
[    0.000000] IOAPIC[0]: apic_id 2, version 32, address 0xfec00000, GSI 0-23
[    0.000000] ACPI: INT_SRC_OVR (bus 0 bus_irq 0 global_irq 2 dfl dfl)
[    0.000000] ACPI: INT_SRC_OVR (bus 0 bus_irq 9 global_irq 9 low level)
[    0.000000] Using ACPI (MADT) for SMP configuration information
[    0.000000] smpboot: Allowing 2 CPUs, 0 hotplug CPUs
[    0.000000] PM: Registered nosave memory: [mem 0x00000000-0x00000fff]
[    0.000000] PM: Registered nosave memory: [mem 0x0009f000-0x0009ffff]
[    0.000000] PM: Registered nosave memory: [mem 0x000a0000-0x000effff]
[    0.000000] PM: Registered nosave memory: [mem 0x000f0000-0x000fffff]
[    0.000000] e820: [mem 0x40000000-0xfebfffff] available for PCI devices
[    0.000000] Booting paravirtualized kernel on KVM
[    0.000000] clocksource: refined-jiffies: mask: 0xffffffff max_cycles: 0xffffffff, max_idle_ns: 7645519600211568 ns
[    0.000000] random: get_random_bytes called from start_kernel+0x99/0x500 with crng_init=0
[    0.000000] setup_percpu: NR_CPUS:8192 nr_cpumask_bits:2 nr_cpu_ids:2 nr_node_ids:1
[    0.000000] percpu: Embedded 45 pages/cpu s147456 r8192 d28672 u1048576
[    0.000000] PV qspinlock hash table entries: 256 (order: 0, 4096 bytes)
[    0.000000] Built 1 zonelists, mobility grouping on.  Total pages: 257913
[    0.000000] Policy zone: DMA32
[    0.000000] Kernel command line: BOOT_IMAGE=/boot/vmlinuz-4.15.0-166-generic root=LABEL=cloudimg-rootfs ro console=tty1 console=ttyS0
[    0.000000] Memory: 982700K/1048120K available (12300K kernel code, 2483K rwdata, 4320K rodata, 2448K init, 2724K bss, 65420K reserved, 0K cma-reserved)
[    0.000000] SLUB: HWalign=64, Order=0-3, MinObjects=0, CPUs=2, Nodes=1
[    0.000000] Kernel/User page tables isolation: enabled
[    0.000000] ftrace: allocating 39491 entries in 155 pages
[    0.004000] Hierarchical RCU implementation.
[    0.004000] 	RCU restricting CPUs from NR_CPUS=8192 to nr_cpu_ids=2.
[    0.004000] 	Tasks RCU enabled.
[    0.004000] RCU: Adjusting geometry for rcu_fanout_leaf=16, nr_cpu_ids=2
[    0.004000] NR_IRQS: 524544, nr_irqs: 440, preallocated irqs: 16
[    0.004000] Console: colour VGA+ 80x25
[    0.004000] console [tty1] enabled
[    0.004000] console [ttyS0] enabled
[    0.004000] ACPI: Core revision 20170831
[    0.004000] ACPI: 2 ACPI AML tables successfully acquired and loaded
[    0.004000] APIC: Switch to symmetric I/O mode setup
[    0.004000] x2apic enabled
[    0.004000] Switched APIC routing to physical x2apic.
[    0.008000] ..TIMER: vector=0x30 apic1=0 pin1=2 apic2=-1 pin2=-1
[    0.008004] tsc: Detected 2594.110 MHz processor
[    0.009736] Calibrating delay loop (skipped) preset value.. 5188.22 BogoMIPS (lpj=10376440)
[    0.012005] pid_max: default: 32768 minimum: 301
[    0.014109] Security Framework initialized
[    0.016007] Yama: becoming mindful.
[    0.017423] AppArmor: AppArmor initialized
[    0.020292] Dentry cache hash table entries: 131072 (order: 8, 1048576 bytes)
[    0.022913] Inode-cache hash table entries: 65536 (order: 7, 524288 bytes)
[    0.024022] Mount-cache hash table entries: 2048 (order: 2, 16384 bytes)
[    0.026429] Mountpoint-cache hash table entries: 2048 (order: 2, 16384 bytes)
[    0.028562] Last level iTLB entries: 4KB 512, 2MB 8, 4MB 8
[    0.032005] Last level dTLB entries: 4KB 512, 2MB 32, 4MB 32, 1GB 0
[    0.036004] Spectre V1 : Mitigation: usercopy/swapgs barriers and __user pointer sanitization
[    0.039141] Spectre V2 : Mitigation: Full generic retpoline
[    0.040003] Spectre V2 : Spectre v2 / SpectreRSB mitigation: Filling RSB on context switch
[    0.043038] Speculative Store Bypass: Vulnerable
[    0.044073] SRBDS: Unknown: Dependent on hypervisor status
[    0.046071] MDS: Mitigation: Clear CPU buffers
[    0.048442] Freeing SMP alternatives memory: 36K
[    0.162933] smpboot: CPU0: Intel(R) Core(TM) i5-3230M CPU @ 2.60GHz (family: 0x6, model: 0x3a, stepping: 0x9)
[    0.164000] Performance Events: unsupported p6 CPU model 58 no PMU driver, software events only.
[    0.164075] Hierarchical SRCU implementation.
[    0.168838] NMI watchdog: Perf event create on CPU 0 failed with -2
[    0.171076] NMI watchdog: Perf NMI watchdog permanently disabled
[    0.172087] smp: Bringing up secondary CPUs ...
[    0.176180] x86: Booting SMP configuration:
[    0.177777] .... node  #0, CPUs:      #1
[    0.004000] kvm-clock: cpu 1, msr 0:3ff44041, secondary cpu clock
[    0.184024] smp: Brought up 1 node, 2 CPUs
[    0.185640] smpboot: Max logical packages: 1
[    0.187431] smpboot: Total of 2 processors activated (10376.44 BogoMIPS)
[    0.188210] devtmpfs: initialized
[    0.189433] x86/mm: Memory block size: 128MB
[    0.192446] evm: security.selinux
[    0.196005] evm: security.SMACK64
[    0.197322] evm: security.SMACK64EXEC
[    0.198969] evm: security.SMACK64TRANSMUTE
[    0.200005] evm: security.SMACK64MMAP
[    0.201459] evm: security.apparmor
[    0.202816] evm: security.ima
[    0.204003] evm: security.capability
[    0.205511] clocksource: jiffies: mask: 0xffffffff max_cycles: 0xffffffff, max_idle_ns: 7645041785100000 ns
[    0.208021] futex hash table entries: 512 (order: 3, 32768 bytes)
[    0.212076] pinctrl core: initialized pinctrl subsystem
[    0.216257] RTC time: 14:25:58, date: 01/29/22
[    0.218322] NET: Registered protocol family 16
[    0.220245] audit: initializing netlink subsys (disabled)
[    0.222293] audit: type=2000 audit(1643466364.418:1): state=initialized audit_enabled=0 res=1
[    0.224018] cpuidle: using governor ladder
[    0.225603] cpuidle: using governor menu
[    0.228135] ACPI: bus type PCI registered
[    0.229682] acpiphp: ACPI Hot Plug PCI Controller Driver version: 0.5
[    0.232256] PCI: Using configuration type 1 for base access
[    0.237497] HugeTLB registered 2.00 MiB page size, pre-allocated 0 pages
[    0.240097] ACPI: Added _OSI(Module Device)
[    0.241682] ACPI: Added _OSI(Processor Device)
[    0.244006] ACPI: Added _OSI(3.0 _SCP Extensions)
[    0.246009] ACPI: Added _OSI(Processor Aggregator Device)
[    0.248016] ACPI: Added _OSI(Linux-Dell-Video)
[    0.249740] ACPI: Added _OSI(Linux-Lenovo-NV-HDMI-Audio)
[    0.251695] ACPI: Added _OSI(Linux-HPI-Hybrid-Graphics)
[    0.252596] ACPI: Executed 1 blocks of module-level executable AML code
[    0.270521] ACPI: Interpreter enabled
[    0.272000] ACPI: (supports S0 S5)
[    0.272004] ACPI: Using IOAPIC for interrupt routing
[    0.276153] PCI: Using host bridge windows from ACPI; if necessary, use "pci=nocrs" and report a bug
[    0.279992] ACPI: Enabled 2 GPEs in block 00 to 07
[    0.303457] ACPI: PCI Root Bridge [PCI0] (domain 0000 [bus 00-ff])
[    0.304012] acpi PNP0A03:00: _OSC: OS supports [ASPM ClockPM Segments MSI]
[    0.310000] acpi PNP0A03:00: _OSC: not requesting OS control; OS requires [ExtendedConfig ASPM ClockPM MSI]
[    0.312050] acpi PNP0A03:00: fail to add MMCONFIG information, can't access extended PCI configuration space under this bridge.
[    0.317049] PCI host bridge to bus 0000:00
[    0.320007] pci_bus 0000:00: root bus resource [io  0x0000-0x0cf7 window]
[    0.322418] pci_bus 0000:00: root bus resource [io  0x0d00-0xffff window]
[    0.324006] pci_bus 0000:00: root bus resource [mem 0x000a0000-0x000bffff window]
[    0.328008] pci_bus 0000:00: root bus resource [mem 0x40000000-0xfdffffff window]
[    0.330978] pci_bus 0000:00: root bus resource [bus 00-ff]
[    0.337109] pci 0000:00:01.1: legacy IDE quirk: reg 0x10: [io  0x01f0-0x01f7]
[    0.339660] pci 0000:00:01.1: legacy IDE quirk: reg 0x14: [io  0x03f6]
[    0.340005] pci 0000:00:01.1: legacy IDE quirk: reg 0x18: [io  0x0170-0x0177]
[    0.342530] pci 0000:00:01.1: legacy IDE quirk: reg 0x1c: [io  0x0376]
[    0.373883] pci 0000:00:07.0: quirk: [io  0x4000-0x403f] claimed by PIIX4 ACPI
[    0.376027] pci 0000:00:07.0: quirk: [io  0x4100-0x410f] claimed by PIIX4 SMB
[    0.391800] ACPI: PCI Interrupt Link [LNKA] (IRQs 5 9 10 *11)
[    0.396007] ACPI: PCI Interrupt Link [LNKB] (IRQs 5 9 *10 11)
[    0.398508] ACPI: PCI Interrupt Link [LNKC] (IRQs 5 *9 10 11)
[    0.400323] ACPI: PCI Interrupt Link [LNKD] (IRQs 5 9 10 *11)
[    0.403317] SCSI subsystem initialized
[    0.404087] pci 0000:00:02.0: vgaarb: setting as boot VGA device
[    0.406240] pci 0000:00:02.0: vgaarb: VGA device added: decodes=io+mem,owns=io+mem,locks=none
[    0.408011] pci 0000:00:02.0: vgaarb: bridge control possible
[    0.412004] vgaarb: loaded
[    0.413257] ACPI: bus type USB registered
[    0.416049] usbcore: registered new interface driver usbfs
[    0.418103] usbcore: registered new interface driver hub
[    0.420017] usbcore: registered new device driver usb
[    0.422017] EDAC MC: Ver: 3.0.0
[    0.424382] PCI: Using ACPI for IRQ routing
[    0.426195] NetLabel: Initializing
[    0.427577] NetLabel:  domain hash size = 128
[    0.428003] NetLabel:  protocols = UNLABELED CIPSOv4 CALIPSO
[    0.430100] NetLabel:  unlabeled traffic allowed by default
[    0.432149] clocksource: Switched to clocksource kvm-clock
[    0.470396] VFS: Disk quotas dquot_6.6.0
[    0.472050] VFS: Dquot-cache hash table entries: 512 (order 0, 4096 bytes)
[    0.474984] AppArmor: AppArmor Filesystem Enabled
[    0.476839] pnp: PnP ACPI init
[    0.481042] pnp: PnP ACPI: found 3 devices
[    0.492697] clocksource: acpi_pm: mask: 0xffffff max_cycles: 0xffffff, max_idle_ns: 2085701024 ns
[    0.496037] NET: Registered protocol family 2
[    0.497875] IP idents hash table entries: 16384 (order: 5, 131072 bytes)
[    0.502510] TCP established hash table entries: 8192 (order: 4, 65536 bytes)
[    0.505166] TCP bind hash table entries: 8192 (order: 5, 131072 bytes)
[    0.507580] TCP: Hash tables configured (established 8192 bind 8192)
[    0.509959] UDP hash table entries: 512 (order: 2, 16384 bytes)
[    0.512293] UDP-Lite hash table entries: 512 (order: 2, 16384 bytes)
[    0.514674] NET: Registered protocol family 1
[    0.516365] pci 0000:00:00.0: Limiting direct PCI/PCI transfers
[    0.518926] pci 0000:00:01.0: Activating ISA DMA hang workarounds
[    0.521260] pci 0000:00:02.0: Video device with shadowed ROM at [mem 0x000c0000-0x000dffff]
[    0.524592] Unpacking initramfs...
[    1.178732] Freeing initrd memory: 19536K
[    1.180769] clocksource: tsc: mask: 0xffffffffffffffff max_cycles: 0x25648013570, max_idle_ns: 440795335968 ns
[    1.184409] platform rtc_cmos: registered platform RTC device (no PNP device found)
[    1.187469] Scanning for low memory corruption every 60 seconds
[    1.190450] Initialise system trusted keyrings
[    1.192176] Key type blacklist registered
[    1.193896] workingset: timestamp_bits=36 max_order=18 bucket_order=0
[    1.199303] zbud: loaded
[    1.201110] squashfs: version 4.0 (2009/01/31) Phillip Lougher
[    1.203737] fuse init (API version 7.26)
[    1.208443] Key type asymmetric registered
[    1.210106] Asymmetric key parser 'x509' registered
[    1.212056] Block layer SCSI generic (bsg) driver version 0.4 loaded (major 246)
[    1.214966] io scheduler noop registered
[    1.216619] io scheduler deadline registered
[    1.218401] io scheduler cfq registered (default)
[    1.220597] ACPI: AC Adapter [AC] (off-line)
[    1.222355] input: Power Button as /devices/LNXSYSTM:00/LNXPWRBN:00/input/input0
[    1.225535] ACPI: Power Button [PWRF]
[    1.227273] input: Sleep Button as /devices/LNXSYSTM:00/LNXSLPBN:00/input/input1
[    1.230308] ACPI: Sleep Button [SLPF]
[    1.234616] ACPI: Battery Slot [BAT0] (battery present)
[    1.237012] Serial: 8250/16550 driver, 32 ports, IRQ sharing enabled
[    1.260858] 00:02: ttyS0 at I/O 0x3f8 (irq = 4, base_baud = 115200) is a 16550A
[    1.267152] Linux agpgart interface v0.103
[    1.270670] loop: module loaded
[    1.273085] scsi host0: ata_piix
[    1.274649] scsi host1: ata_piix
[    1.276017] ata1: PATA max UDMA/33 cmd 0x1f0 ctl 0x3f6 bmdma 0xd000 irq 14
[    1.278613] ata2: PATA max UDMA/33 cmd 0x170 ctl 0x376 bmdma 0xd008 irq 15
[    1.282233] libphy: Fixed MDIO Bus: probed
[    1.284254] tun: Universal TUN/TAP device driver, 1.6
[    1.286951] PPP generic driver version 2.4.2
[    1.293367] ehci_hcd: USB 2.0 'Enhanced' Host Controller (EHCI) Driver
[    1.296208] ehci-pci: EHCI PCI platform driver
[    1.298520] ehci-platform: EHCI generic platform driver
[    1.301069] ohci_hcd: USB 1.1 'Open' Host Controller (OHCI) Driver
[    1.303558] ohci-pci: OHCI PCI platform driver
[    1.305371] ohci-platform: OHCI generic platform driver
[    1.307323] uhci_hcd: USB Universal Host Controller Interface driver
[    1.309915] i8042: PNP: PS/2 Controller [PNP0303:PS2K,PNP0f03:PS2M] at 0x60,0x64 irq 1,12
[    1.313884] serio: i8042 KBD port at 0x60,0x64 irq 1
[    1.315992] serio: i8042 AUX port at 0x60,0x64 irq 12
[    1.318163] mousedev: PS/2 mouse device common for all mice
[    1.321239] input: AT Translated Set 2 keyboard as /devices/platform/i8042/serio0/input/input2
[    1.324792] rtc_cmos rtc_cmos: rtc core: registered rtc_cmos as rtc0
[    1.327612] rtc_cmos rtc_cmos: alarms up to one day, 114 bytes nvram
[    1.329971] i2c /dev entries driver
[    1.331517] device-mapper: uevent: version 1.0.3
[    1.333541] device-mapper: ioctl: 4.37.0-ioctl (2017-09-20) initialised: dm-devel@redhat.com
[    1.336758] ledtrig-cpu: registered to indicate activity on CPUs
[    1.339533] NET: Registered protocol family 10
[    1.347648] Segment Routing with IPv6
[    1.349402] NET: Registered protocol family 17
[    1.351188] Key type dns_resolver registered
[    1.353125] mce: Using 0 MCE banks
[    1.354499] RAS: Correctable Errors collector initialized.
[    1.356594] sched_clock: Marking stable (1353096104, 0)->(1779107468, -426011364)
[    1.360447] registered taskstats version 1
[    1.362504] Loading compiled-in X.509 certificates
[    1.369207] Loaded X.509 cert 'Build time autogenerated kernel key: 408b96eb428cbe545a63e9a677d083d5c6df802b'
[    1.374232] Loaded X.509 cert 'Canonical Ltd. Live Patch Signing: 14df34d1a87cf37625abec039ef2bf521249b969'
[    1.379383] Loaded X.509 cert 'Canonical Ltd. Kernel Module Signing: 88f752e560a1e0737e31163a466ad7b70a850c19'
[    1.383734] blacklist: Loading compiled-in revocation X.509 certificates
[    1.387190] Loaded X.509 cert 'Canonical Ltd. Secure Boot Signing: 61482aa2830d0ab2ad5af10b7250da9033ddcef0'
[    1.392315] zswap: loaded using pool lzo/zbud
[    1.400485] Key type big_key registered
[    1.402190] Key type trusted registered
[    1.406570] Key type encrypted registered
[    1.408122] AppArmor: AppArmor sha1 policy hashing enabled
[    1.410725] ima: No TPM chip found, activating TPM-bypass! (rc=-19)
[    1.413323] ima: Allocated hash algorithm: sha1
[    1.415063] evm: HMAC attrs: 0x1
[    1.416835]   Magic number: 6:9:436
[    1.418390] rtc_cmos rtc_cmos: setting system clock to 2022-01-29 14:25:59 UTC (1643466359)
[    1.421885] BIOS EDD facility v0.16 2004-Jun-25, 0 devices found
[    1.424326] EDD information not available.
[    1.477128] Freeing unused kernel image memory: 2448K
[    1.488852] Write protecting the kernel read-only data: 20480k
[    1.493514] Freeing unused kernel image memory: 2008K
[    1.496488] Freeing unused kernel image memory: 1824K
[    1.532532] x86/mm: Checked W+X mappings: passed, no W+X pages found.
[    1.535342] x86/mm: Checking user space page tables
[    1.571376] x86/mm: Checked W+X mappings: passed, no W+X pages found.
Loading, please wait...
starting version 237
[    1.738383] e1000: Intel(R) PRO/1000 Network Driver - version 7.3.21-k8-NAPI
[    1.742090] e1000: Copyright (c) 1999-2006 Intel Corporation.
[    1.748933] Fusion MPT base driver 3.04.20
[    1.751173] Copyright (c) 1999-2008 LSI Corporation
[    1.799448] AVX version of gcm_enc/dec engaged.
[    1.801870] AES CTR mode by8 optimization enabled
[    1.808489] Fusion MPT SPI Host driver 3.04.20
[    1.991190] input: ImExPS/2 Generic Explorer Mouse as /devices/platform/i8042/serio1/input/input4
[    2.263044] e1000 0000:00:03.0 eth0: (PCI:33MHz:32-bit) 02:8d:1f:db:13:bf
[    2.265770] e1000 0000:00:03.0 eth0: Intel(R) PRO/1000 Network Connection
[    2.272288] e1000 0000:00:03.0 enp0s3: renamed from eth0
[    2.272420] mptbase: ioc0: Initiating bringup
[    2.373233] ioc0: LSI53C1030 A0: Capabilities={Initiator}
[    2.616502] scsi host2: ioc0: LSI53C1030 A0, FwRev=00000000h, Ports=1, MaxQ=256, IRQ=20
[    2.785285] scsi 2:0:0:0: Direct-Access     VBOX     HARDDISK         1.0  PQ: 0 ANSI: 5
[    3.117558] scsi target2:0:0: Beginning Domain Validation
[    3.125362] scsi target2:0:0: Domain Validation skipping write tests
[    3.127639] scsi target2:0:0: Ending Domain Validation
[    3.129681] scsi target2:0:0: asynchronous
[    3.132228] scsi 2:0:1:0: Direct-Access     VBOX     HARDDISK         1.0  PQ: 0 ANSI: 5
[    3.578709] scsi target2:0:1: Beginning Domain Validation
[    3.583228] random: fast init done
[    3.586045] scsi target2:0:1: Domain Validation skipping write tests
[    3.589172] scsi target2:0:1: Ending Domain Validation
[    3.591560] scsi target2:0:1: asynchronous
[    3.600582] random: systemd-udevd: uninitialized urandom read (16 bytes read)
[    3.606248] sd 2:0:0:0: Attached scsi generic sg0 type 0
[    3.606299] random: systemd-udevd: uninitialized urandom read (16 bytes read)
[    3.612111] random: systemd-udevd: uninitialized urandom read (16 bytes read)
[    3.614890] sd 2:0:1:0: Attached scsi generic sg1 type 0
[    3.618125] sd 2:0:0:0: [sda] 83886080 512-byte logical blocks: (42.9 GB/40.0 GiB)
[    3.618251] sd 2:0:0:0: [sda] Write Protect is off
[    3.624121] sd 2:0:1:0: [sdb] 20480 512-byte logical blocks: (10.5 MB/10.0 MiB)
[    3.627202] sd 2:0:1:0: [sdb] Write Protect is off
[    3.629284] sd 2:0:0:0: [sda] Incomplete mode parameter data
[    3.631436] sd 2:0:0:0: [sda] Assuming drive cache: write through
[    3.632049] sd 2:0:1:0: [sdb] Incomplete mode parameter data
[    3.636688] sd 2:0:1:0: [sdb] Assuming drive cache: write through
[    3.706711]  sda: sda1
[    3.710472] sd 2:0:0:0: [sda] Attached SCSI disk
[    3.742996] sd 2:0:1:0: [sdb] Attached SCSI disk
Begin: Loading essential drivers ... [    6.216104] raid6: sse2x1   gen()  2630 MB/s
[    6.264075] raid6: sse2x1   xor()  1641 MB/s
[    6.312092] raid6: sse2x2   gen()  6002 MB/s
[    6.360068] raid6: sse2x2   xor()  2715 MB/s
[    6.408099] raid6: sse2x4   gen()  6774 MB/s
[    6.456109] raid6: sse2x4   xor()  3829 MB/s
[    6.457866] raid6: using algorithm sse2x4 gen() 6774 MB/s
[    6.460012] raid6: .... xor() 3829 MB/s, rmw enabled
[    6.461941] raid6: using ssse3x2 recovery algorithm
[    6.466206] xor: automatically using best checksumming function   avx       
[    6.471218] async_tx: api initialized (async)
done.
Begin: Running /scripts/init-premount ... done.
Begin: Mounting root file system ... Begin: Running /scripts/local-top ... done.
Begin: Running /scripts/local-premount ... [    6.594244] Btrfs loaded, crc32c=crc32c-intel
Scanning for Btrfs filesystems
done.
Warning: fsck not present, so skipping root file system
[    6.817238] EXT4-fs (sda1): mounted filesystem with ordered data mode. Opts: (null)
done.
Begin: Running /scripts/local-bottom ... done.
Begin: Running /scripts/init-bottom ... done.
[    8.312263] ip_tables: (C) 2000-2006 Netfilter Core Team
[    8.356164] random: crng init done
[    8.358535] random: 7 urandom warning(s) missed due to ratelimiting
[    8.538340] systemd[1]: systemd 237 running in system mode. (+PAM +AUDIT +SELINUX +IMA +APPARMOR +SMACK +SYSVINIT +UTMP +LIBCRYPTSETUP +GCRYPT +GNUTLS +ACL +XZ +LZ4 +SECCOMP +BLKID +ELFUTILS +KMOD -IDN2 +IDN -PCRE2 default-hierarchy=hybrid)
[    8.546655] systemd[1]: Detected virtualization oracle.
[    8.548665] systemd[1]: Detected architecture x86-64.

Welcome to [1mUbuntu 18.04.6 LTS[0m!

[    8.594164] systemd[1]: Set hostname to <ubuntu>.
[    8.660229] systemd[1]: Initializing machine ID from random generator.
[    8.663518] systemd[1]: Installed transient /etc/machine-id file.
[   11.164278] systemd[1]: Set up automount Arbitrary Executable File Formats File System Automount Point.
[[0;32m  OK  [0m] Set up automount Arbitrary Executab…rmats File System Automount Point.
[   11.170161] systemd[1]: Reached target User and Group Name Lookups.
[[0;32m  OK  [0m] Reached target User and Group Name Lookups.
[   11.174275] systemd[1]: Started Forward Password Requests to Wall Directory Watch.
[[0;32m  OK  [0m] Started Forward Password Requests to Wall Directory Watch.
[   11.181374] systemd[1]: Created slice System Slice.
[[0;32m  OK  [0m] Created slice System Slice.
[[0;32m  OK  [0m] Created slice system-serial\x2dgetty.slice.
[[0;32m  OK  [0m] Listening on Journal Audit Socket.
[[0;32m  OK  [0m] Listening on Journal Socket.
         Mounting POSIX Message Queue File System...
         Starting Load Kernel Modules...
         Mounting Kernel Debug File System...
[[0;32m  OK  [0m] Listening on fsck to fsckd communication Socket.
         Starting File System Check on Root Device...
[[0;32m  OK  [0m] Listening on Network Service Netlink Socket.
[[0;32m  OK  [0m] Listening on udev Control Socket.
[[0;32m  OK  [0m] Listening on /dev/initctl Compatibility Named Pipe.
[[0;32m  OK  [0m] Listening on Syslog Socket.
[[0;32m  OK  [0m] Listening on Device-mapper event daemon FIFOs.
[[0;32m  OK  [0m] Listening on LVM2 metadata daemon socket.
         Starting Monitoring of LVM2 mirrors…ng dmeventd or progress polling...
[[0;32m  OK  [0m] Listening on Journal Socket (/dev/log).
         Starting Set the console keyboard layout...
         Mounting Huge Pages File System...
[[0;32m  OK  [0m] Listening on LVM2 poll daemon socket.
         Starting Journal Service...
[[0;32m  OK  [0m] Reached target System Time Synchronized.
[[0;32m  OK  [0m] Listening on udev Kernel Socket.
         Starting udev Coldplug all Devices...
         Starting Uncomplicated firewall...
[[0;32m  OK  [0m] Created slice User and Session Slice.
[[0;32m  OK  [0m] Reached target Slices.
[[0;32m  OK  [0m] Reached target Swap.
         Starting Create list of required st…ce nodes for the current kernel...
[[0;32m  OK  [0m] Mounted POSIX Message Queue File System.
[[0;32m  OK  [0m] Mounted Kernel Debug File System.
[[0;32m  OK  [0m] Mounted Huge Pages File System.
[[0;32m  OK  [0m] Started File System Check Daemon to report status.
[   11.416607] Loading iSCSI transport class v2.0-870.
[[0;32m  OK  [0m] Started Uncomplicated firewall.
[[0;32m  OK  [0m] Started udev Coldplug all Devices.
[[0;32m  OK  [0m] Started Journal Service.
[[0;32m  OK  [0m] Started Create list of required sta…vice nodes for the current kernel.
         Starting Create Static Device Nodes in /dev...
[   11.986088] iscsi: registered transport (tcp)
[[0;32m  OK  [0m] Started File System Check on Root Device.
         Starting Remount Root and Kernel File Systems...
[[0;32m  OK  [0m] Started LVM2 metadata daemon.
[   12.532139] iscsi: registered transport (iser)
[[0;32m  OK  [0m] Started Load Kernel Modules.
         Mounting FUSE Control File System...
         Starting Apply Kernel Variables...
         Mounting Kernel Configuration File System...
[[0;32m  OK  [0m] Mounted FUSE Control File System.
[[0;32m  OK  [0m] Mounted Kernel Configuration File System.
[   12.579571] EXT4-fs (sda1): re-mounted. Opts: (null)
[[0;32m  OK  [0m] Started Remount Root and Kernel File Systems.
         Starting Load/Save Random Seed...
         Starting Flush Journal to Persistent Storage...
[[0;32m  OK  [0m] Started Monitoring of LVM2 mirrors,…sing dmeventd or progress polling.
[[0;32m  OK  [0m] Started Apply Kernel Variables.
[[0;32m  OK  [0m] Started Load/Save Random Seed.
[[0;32m  OK  [0m] Started Create Static Device Nodes in /dev.
         Starting udev Kernel Device Manager...
[[0;32m  OK  [0m] Started Flush Journal to Persistent Storage.
[[0;32m  OK  [0m] Started udev Kernel Device Manager.
[[0;32m  OK  [0m] Found device /dev/ttyS0.
[[0;32m  OK  [0m] Listening on Load/Save RF Kill Switch Status /dev/rfkill Watch.
[[0;32m  OK  [0m] Started Set the console keyboard layout.
[[0;32m  OK  [0m] Reached target Local File Systems (Pre).
[[0;32m  OK  [0m] Reached target Local File Systems.
         Starting Commit a transient machine-id on disk...
         Starting Set console font and keymap...
         Starting Create Volatile Files and Directories...
         Starting ebtables ruleset management...
         Starting Tell Plymouth To Write Out Runtime Data...
         Starting AppArmor initialization...
[[0;32m  OK  [0m] Started Dispatch Password Requests to Console Directory Watch.
[[0;32m  OK  [0m] Reached target Local Encrypted Volumes.
[[0;32m  OK  [0m] Started Tell Plymouth To Write Out Runtime Data.
[[0;32m  OK  [0m] Started Create Volatile Files and Directories.
         Starting Update UTMP about System Boot/Shutdown...
[[0;32m  OK  [0m] Started Update UTMP about System Boot/Shutdown.
[[0;32m  OK  [0m] Started Commit a transient machine-id on disk.
[[0;32m  OK  [0m] Started ebtables ruleset management.
[[0;32m  OK  [0m] Started Set console font and keymap.
[[0;32m  OK  [0m] Started AppArmor initialization.
         Starting Load AppArmor profiles managed internally by snapd...
         Starting Initial cloud-init job (pre-networking)...
[[0;32m  OK  [0m] Started Load AppArmor profiles managed internally by snapd.
[   28.213476] cloud-init[861]: Cloud-init v. 21.4-0ubuntu1~18.04.1 running 'init-local' at Sat, 29 Jan 2022 14:26:24 +0000. Up 26.56 seconds.
[[0;32m  OK  [0m] Started Initial cloud-init job (pre-networking).
[[0;32m  OK  [0m] Reached target Network (Pre).
         Starting Network Service...
[[0;32m  OK  [0m] Started Network Service.
         Starting Network Name Resolution...
         Starting Wait for Network to be Configured...
[[0;32m  OK  [0m] Started Network Name Resolution.
[[0;32m  OK  [0m] Reached target Host and Network Name Lookups.
[[0;32m  OK  [0m] Reached target Network.
[[0;32m  OK  [0m] Started Wait for Network to be Configured.
         Starting Initial cloud-init job (metadata service crawler)...
[   31.547502] cloud-init[1000]: Cloud-init v. 21.4-0ubuntu1~18.04.1 running 'init' at Sat, 29 Jan 2022 14:26:29 +0000. Up 31.15 seconds.
[   31.550837] cloud-init[1000]: ci-info: ++++++++++++++++++++++++++++++++++++++Net device info++++++++++++++++++++++++++++++++++++++
[   31.554000] cloud-init[1000]: ci-info: +--------+------+----------------------------+---------------+--------+-------------------+
[   31.557376] cloud-init[1000]: ci-info: | Device |  Up  |          Address           |      Mask     | Scope  |     Hw-Address    |
[   31.560744] cloud-init[1000]: ci-info: +--------+------+----------------------------+---------------+--------+-------------------+
[   31.572769] cloud-init[1000]: ci-info: | enp0s3 | True |         10.0.2.15          | 255.255.255.0 | global | 02:8d:1f:db:13:bf |
[   31.575590] cloud-init[1000]: ci-info: | enp0s3 | True | fe80::8d:1fff:fedb:13bf/64 |       .       |  link  | 02:8d:1f:db:13:bf |
[   31.578761] cloud-init[1000]: ci-info: |   lo   | True |         127.0.0.1          |   255.0.0.0   |  host  |         .         |
[   31.581950] cloud-init[1000]: ci-info: |   lo   | True |          ::1/128           |       .       |  host  |         .         |
[   31.585090] cloud-init[1000]: ci-info: +--------+------+----------------------------+---------------+--------+-------------------+
[   31.588329] cloud-init[1000]: ci-info: ++++++++++++++++++++++++++++Route IPv4 info+++++++++++++++++++++++++++++
[   31.591036] cloud-init[1000]: ci-info: +-------+-------------+----------+-----------------+-----------+-------+
[   31.594029] cloud-init[1000]: ci-info: | Route | Destination | Gateway  |     Genmask     | Interface | Flags |
[   31.596920] cloud-init[1000]: ci-info: +-------+-------------+----------+-----------------+-----------+-------+
[   31.608609] cloud-init[1000]: ci-info: |   0   |   0.0.0.0   | 10.0.2.2 |     0.0.0.0     |   enp0s3  |   UG  |
[   31.611051] cloud-init[1000]: ci-info: |   1   |   10.0.2.0  | 0.0.0.0  |  255.255.255.0  |   enp0s3  |   U   |
[   31.613172] cloud-init[1000]: ci-info: |   2   |   10.0.2.2  | 0.0.0.0  | 255.255.255.255 |   enp0s3  |   UH  |
[   31.615336] cloud-init[1000]: ci-info: +-------+-------------+----------+-----------------+-----------+-------+
[   31.618036] cloud-init[1000]: ci-info: +++++++++++++++++++Route IPv6 info+++++++++++++++++++
[   31.620268] cloud-init[1000]: ci-info: +-------+-------------+---------+-----------+-------+
[   31.622711] cloud-init[1000]: ci-info: | Route | Destination | Gateway | Interface | Flags |
[   31.625433] cloud-init[1000]: ci-info: +-------+-------------+---------+-----------+-------+
[   31.627980] cloud-init[1000]: ci-info: |   1   |  fe80::/64  |    ::   |   enp0s3  |   U   |
[   31.630205] cloud-init[1000]: ci-info: |   3   |    local    |    ::   |   enp0s3  |   U   |
[   31.641311] cloud-init[1000]: ci-info: |   4   |   ff00::/8  |    ::   |   enp0s3  |   U   |
[   31.644274] cloud-init[1000]: ci-info: +-------+-------------+---------+-----------+-------+
[   35.065719] cloud-init[1000]: Generating public/private rsa key pair.
[   35.067922] cloud-init[1000]: Your identification has been saved in /etc/ssh/ssh_host_rsa_key.
[   35.070734] cloud-init[1000]: Your public key has been saved in /etc/ssh/ssh_host_rsa_key.pub.
[   35.073661] cloud-init[1000]: The key fingerprint is:
[   35.075512] cloud-init[1000]: SHA256:xtaTfLGe9Sk214sd2ykmiRK6AgwXaqvyzN590ImPjV8 root@ubuntu-bionic
[   35.078777] cloud-init[1000]: The key's randomart image is:
[   35.081013] cloud-init[1000]: +---[RSA 2048]----+
[   35.082755] cloud-init[1000]: |                 |
[   35.084551] cloud-init[1000]: |  .              |
[   35.100396] cloud-init[1000]: | . .        .    |
[   35.102183] cloud-init[1000]: |o..    . o . o   |
[   35.103494] cloud-init[1000]: |+..    oS.= o .  |
[   35.105313] cloud-init[1000]: | +    o+o  + o .o|
[   35.107167] cloud-init[1000]: |. .   .*. E ++ +o|
[   35.109077] cloud-init[1000]: |oo o oo.+o o.o* *|
[   35.110823] cloud-init[1000]: |.o= o.ooo   o..=.|
[   35.112658] cloud-init[1000]: +----[SHA256]-----+
[   35.114296] cloud-init[1000]: Generating public/private dsa key pair.
[   35.116547] cloud-init[1000]: Your identification has been saved in /etc/ssh/ssh_host_dsa_key.
[   35.119196] cloud-init[1000]: Your public key has been saved in /etc/ssh/ssh_host_dsa_key.pub.
[   35.122035] cloud-init[1000]: The key fingerprint is:
[   35.123979] cloud-init[1000]: SHA256:TYAihYC2wD2vt+dB1rRuHVDkXoikxoqt42FFFTYEkIY root@ubuntu-bionic
[   35.127144] cloud-init[1000]: The key's randomart image is:
[   35.129337] cloud-init[1000]: +---[DSA 1024]----+
[   35.135106] cloud-init[1000]: |+.o++.oBo..o     |
[   35.136873] cloud-init[1000]: |oEo=. = +.+ .    |
[   35.138504] cloud-init[1000]: |o o.oo + +.o .   |
[   35.140138] cloud-init[1000]: | .  +.o oo+ .    |
[   35.141747] cloud-init[1000]: |   ..+ oSo.o     |
[   35.143608] cloud-init[1000]: |   .o.o . . .    |
[   35.145475] cloud-init[1000]: |   =. .. o .     |
[   35.147125] cloud-init[1000]: |  o o. .o        |
[   35.148514] cloud-init[1000]: |   .  o.         |
[   35.150350] cloud-init[1000]: +----[SHA256]-----+
[   35.152167] cloud-init[1000]: Generating public/private ecdsa key pair.
[   35.154462] cloud-init[1000]: Your identification has been saved in /etc/ssh/ssh_host_ecdsa_key.
[   35.157589] cloud-init[1000]: Your public key has been saved in /etc/ssh/ssh_host_ecdsa_key.pub.
[   35.160642] cloud-init[1000]: The key fingerprint is:
[   35.162364] cloud-init[1000]: SHA256:sq8TPix0SKOhsg/UQw1jE/atTaa+6mO1I1SryeVX46U root@ubuntu-bionic
[   35.165436] cloud-init[1000]: The key's randomart image is:
[   35.167609] cloud-init[1000]: +---[ECDSA 256]---+
[   35.169333] cloud-init[1000]: |   B.            |
[   35.171113] cloud-init[1000]: |  o * .          |
[   35.172762] cloud-init[1000]: |   . o +         |
[   35.174299] cloud-init[1000]: |  + o.*          |
[   35.175856] cloud-init[1000]: | o *.=o.S        |
[   35.177918] cloud-init[1000]: |+ ..=+oo o .     |
[   35.179736] cloud-init[1000]: |o.o.*=o.o +      |
[   35.181511] cloud-init[1000]: |.. B.+*o E       |
[   35.183382] cloud-init[1000]: | .+o+o++.        |
[   35.187944] cloud-init[1000]: +----[SHA256]-----+
[   35.189589] cloud-init[1000]: Generating public/private ed25519 key pair.
[   35.191918] cloud-init[1000]: Your identification has been saved in /etc/ssh/ssh_host_ed25519_key.
[   35.194723] cloud-init[1000]: Your public key has been saved in /etc/ssh/ssh_host_ed25519_key.pub.
[   35.197738] cloud-init[1000]: The key fingerprint is:
[   35.199557] cloud-init[1000]: SHA256:BSUFtrSOOghM3jpzUxIPKRLxdJOZyl4sJWWH+8EWt7Y root@ubuntu-bionic
[   35.202996] cloud-init[1000]: The key's randomart image is:
[   35.205091] cloud-init[1000]: +--[ED25519 256]--+
[   35.206926] cloud-init[1000]: |o...==. *+o      |
[   35.208692] cloud-init[1000]: | +.oBo.o.=       |
[   35.210451] cloud-init[1000]: |.+.O o oo..      |
[   35.212223] cloud-init[1000]: |= * B +oo.       |
[   35.224415] cloud-init[1000]: |.+ = =.oS.       |
[   35.226191] cloud-init[1000]: | .o.o.. E        |
[   35.227888] cloud-init[1000]: | +.oo            |
[   35.229623] cloud-init[1000]: |  + ..           |
[   35.231466] cloud-init[1000]: |                 |
[   35.232762] cloud-init[1000]: +----[SHA256]-----+
[[0;32m  OK  [0m] Started Initial cloud-init job (metadata service crawler).
[[0;32m  OK  [0m] Reached target Cloud-config availability.
[[0;32m  OK  [0m] Reached target Network is Online.
         Starting Availability of block devices...
[[0;32m  OK  [0m] Reached target Remote File Systems (Pre).
[[0;32m  OK  [0m] Reached target Remote File Systems.
[[0;32m  OK  [0m] Reached target System Initialization.
[[0;32m  OK  [0m] Started Daily apt download activities.
[[0;32m  OK  [0m] Listening on ACPID Listen Socket.
[[0;32m  OK  [0m] Started Daily Cleanup of Temporary Directories.
[[0;32m  OK  [0m] Started Message of the Day.
[[0;32m  OK  [0m] Started Discard unused blocks once a week.
[[0;32m  OK  [0m] Listening on D-Bus System Message Bus Socket.
         Starting Socket activation for snappy daemon.
[[0;32m  OK  [0m] Listening on cloud-init hotplug hook socket.
         Starting LXD - unix socket.
[[0;32m  OK  [0m] Started Ubuntu Advantage Timer for running repeated jobs.
[[0;32m  OK  [0m] Started Daily apt upgrade and clean activities.
[[0;32m  OK  [0m] Listening on UUID daemon activation socket.
[[0;32m  OK  [0m] Started ACPI Events Check.
[[0;32m  OK  [0m] Reached target Timers.
[[0;32m  OK  [0m] Started Trigger to poll for Ubuntu …(Only enabled on GCP LTS non-pro).
[[0;32m  OK  [0m] Reached target Paths.
[[0;32m  OK  [0m] Listening on Open-iSCSI iscsid Socket.
[[0;32m  OK  [0m] Started Availability of block devices.
[[0;32m  OK  [0m] Listening on Socket activation for snappy daemon.
[[0;32m  OK  [0m] Listening on LXD - unix socket.
[[0;32m  OK  [0m] Reached target Sockets.
[[0;32m  OK  [0m] Reached target Basic System.
         Starting LSB: automatic crash report generation...
[[0;32m  OK  [0m] Started Regular background program processing daemon.
[[0;32m  OK  [0m] Started irqbalance daemon.
[[0;32m  OK  [0m] Started FUSE filesystem for LXC.
[[0;32m  OK  [0m] Started Deferred execution scheduler.
         Starting Permit User Sessions...
         Starting LSB: Record successful boot for GRUB...
         Starting Pollinate to seed the pseudo random number generator...
         Starting System Logging Service...
         Starting Login Service...
         Starting Virtualbox guest utils...
[[0;32m  OK  [0m] Started D-Bus System Message Bus.
[[0;32m  OK  [0m] Started Login Service.
[[0;32m  OK  [0m] Started Unattended Upgrades Shutdown.
         Starting Dispatcher daemon for systemd-networkd...
         Starting Accounts Service...
         Starting LXD - container startup/shutdown...
         Starting Snap Daemon...
[[0;32m  OK  [0m] Started System Logging Service.
[[0;32m  OK  [0m] Started Permit User Sessions.
         Starting Terminate Plymouth Boot Screen...
         Starting Hold until boot process finishes up...
[[0;32m  OK  [0m] Started Terminate Plymouth Boot Screen.
[[0;32m  OK  [0m] Started Hold until boot process finishes up.
[[0;32m  OK  [0m] Started Serial Getty on ttyS0.
         Starting Set console scheme...
[[0;32m  OK  [0m] Started LSB: automatic crash report generation.
[[0;32m  OK  [0m] Started Set console scheme.
[[0;32m  OK  [0m] Created slice system-getty.slice.
[[0;32m  OK  [0m] Started Getty on tty1.
[[0;32m  OK  [0m] Reached target Login Prompts.
         Starting Authorization Manager...
[[0;32m  OK  [0m] Started LSB: Record successful boot for GRUB.
[[0;32m  OK  [0m] Started Virtualbox guest utils.
[[0;32m  OK  [0m] Started Authorization Manager.
[[0;32m  OK  [0m] Started Accounts Service.

Ubuntu 18.04.6 LTS ubuntu-bionic ttyS0

ubuntu-bionic login: [   60.307827] cloud-init[1921]: Cloud-init v. 21.4-0ubuntu1~18.04.1 running 'modules:config' at Sat, 29 Jan 2022 14:26:55 +0000. Up 57.35 seconds.
ci-info: no authorized SSH keys fingerprints found for user ubuntu.
<14>Jan 29 14:27:00 cloud-init: #############################################################
<14>Jan 29 14:27:00 cloud-init: -----BEGIN SSH HOST KEY FINGERPRINTS-----
<14>Jan 29 14:27:00 cloud-init: 1024 SHA256:TYAihYC2wD2vt+dB1rRuHVDkXoikxoqt42FFFTYEkIY root@ubuntu-bionic (DSA)
<14>Jan 29 14:27:00 cloud-init: 256 SHA256:sq8TPix0SKOhsg/UQw1jE/atTaa+6mO1I1SryeVX46U root@ubuntu-bionic (ECDSA)
<14>Jan 29 14:27:00 cloud-init: 256 SHA256:BSUFtrSOOghM3jpzUxIPKRLxdJOZyl4sJWWH+8EWt7Y root@ubuntu-bionic (ED25519)
<14>Jan 29 14:27:00 cloud-init: 2048 SHA256:xtaTfLGe9Sk214sd2ykmiRK6AgwXaqvyzN590ImPjV8 root@ubuntu-bionic (RSA)
<14>Jan 29 14:27:00 cloud-init: -----END SSH HOST KEY FINGERPRINTS-----
<14>Jan 29 14:27:00 cloud-init: #############################################################
-----BEGIN SSH HOST KEY KEYS-----
ecdsa-sha2-nistp256 AAAAE2VjZHNhLXNoYTItbmlzdHAyNTYAAAAIbmlzdHAyNTYAAABBBB867lgOsW5oqDdRcD/Xlvy2gSap1Fqaj1egFLhGbWJKrqQuAUnKiAFDQUwRn8yuiHLsUg7mosSNXVA25J0wN7E= root@ubuntu-bionic
ssh-ed25519 AAAAC3NzaC1lZDI1NTE5AAAAIOACuiDdptUVj25rLjq2+o/F8BQ8iPC0mU8PUPOBhnsm root@ubuntu-bionic
ssh-rsa AAAAB3NzaC1yc2EAAAADAQABAAABAQDOG0y5FoM4gIVGArMmR3svO97f8x1d2i/d9ezDmnkVS+PmGXsRwQ5FwuuEMnLvC25A2lXfhghq3BT2PyEk8JmaRhYWYYZGQo6bGDgvo+BYS+QiTKN8YDyCMmcb3k1lKL3VgI58XDuZJPe2MnHhw4rUCJQDMdCB+xOg2CylAy8LQva9FtURTMRIvetvUJOnkh2VwRUV+7VYqPrWd3ZqwpNb14Jn5xH6REhHBuQQUFQVjIcHTLIddYG0Mc2kGLw1ds7mwOjjTlyLPEO7KVKnGXUGuIpEtTSVSUjv1bC1mSx4ALrZkR0n5pWoTeUV2ltYAzzIgYfkajidglk9z3jYj6E3 root@ubuntu-bionic
-----END SSH HOST KEY KEYS-----
[   62.015598] cloud-init[2071]: Cloud-init v. 21.4-0ubuntu1~18.04.1 running 'modules:final' at Sat, 29 Jan 2022 14:26:59 +0000. Up 61.48 seconds.
[   62.020794] cloud-init[2071]: ci-info: no authorized SSH keys fingerprints found for user ubuntu.
[   62.024313] cloud-init[2071]: Cloud-init v. 21.4-0ubuntu1~18.04.1 finished at Sat, 29 Jan 2022 14:27:00 +0000. Datasource DataSourceNoCloud [seed=/dev/sdb][dsmode=net].  Up 61.98 seconds
